This is pdfTeX, Version 3.14159265-2.6-1.40.21 (MiKTeX 2.9.7300 64-bit) (preloaded format=pdflatex 2020.3.30)  11 JUN 2020 20:07
entering extended mode
**d:/Isaias/Documents/Git/Pre-Informe_DSP/Pre_Informe_DSP.tex
(d:/Isaias/Documents/Git/Pre-Informe_DSP/Pre_Informe_DSP.tex
LaTeX2e <2020-02-02> patch level 2
L3 programming layer <2020-02-14> ("C:\Users\Isaia\AppData\Local\Programs\MiKTeX 2.9\tex/latex/base\article.cls"
Document Class: article 2019/12/20 v1.4l Standard LaTeX document class
("C:\Users\Isaia\AppData\Local\Programs\MiKTeX 2.9\tex/latex/base\size10.clo"
File: size10.clo 2019/12/20 v1.4l Standard LaTeX file (size option)
)
\c@part=\count167
\c@section=\count168
\c@subsection=\count169
\c@subsubsection=\count170
\c@paragraph=\count171
\c@subparagraph=\count172
\c@figure=\count173
\c@table=\count174
\abovecaptionskip=\skip47
\belowcaptionskip=\skip48
\bibindent=\dimen134
) ("C:\Users\Isaia\AppData\Local\Programs\MiKTeX 2.9\tex/latex/base\inputenc.sty"
Package: inputenc 2018/08/11 v1.3c Input encoding file
\inpenc@prehook=\toks14
\inpenc@posthook=\toks15
) ("C:\Users\Isaia\AppData\Local\Programs\MiKTeX 2.9\tex/latex/amsmath\amsmath.sty"
Package: amsmath 2020/01/20 v2.17e AMS math features
\@mathmargin=\skip49

For additional information on amsmath, use the `?' option.
("C:\Users\Isaia\AppData\Local\Programs\MiKTeX 2.9\tex/latex/amsmath\amstext.sty"
Package: amstext 2000/06/29 v2.01 AMS text
 ("C:\Users\Isaia\AppData\Local\Programs\MiKTeX 2.9\tex/latex/amsmath\amsgen.sty"
File: amsgen.sty 1999/11/30 v2.0 generic functions
\@emptytoks=\toks16
\ex@=\dimen135
)) ("C:\Users\Isaia\AppData\Local\Programs\MiKTeX 2.9\tex/latex/amsmath\amsbsy.sty"
Package: amsbsy 1999/11/29 v1.2d Bold Symbols
\pmbraise@=\dimen136
) ("C:\Users\Isaia\AppData\Local\Programs\MiKTeX 2.9\tex/latex/amsmath\amsopn.sty"
Package: amsopn 2016/03/08 v2.02 operator names
)
\inf@bad=\count175
LaTeX Info: Redefining \frac on input line 227.
\uproot@=\count176
\leftroot@=\count177
LaTeX Info: Redefining \overline on input line 389.
\classnum@=\count178
\DOTSCASE@=\count179
LaTeX Info: Redefining \ldots on input line 486.
LaTeX Info: Redefining \dots on input line 489.
LaTeX Info: Redefining \cdots on input line 610.
\Mathstrutbox@=\box45
\strutbox@=\box46
\big@size=\dimen137
LaTeX Font Info:    Redeclaring font encoding OML on input line 733.
LaTeX Font Info:    Redeclaring font encoding OMS on input line 734.
\macc@depth=\count180
\c@MaxMatrixCols=\count181
\dotsspace@=\muskip16
\c@parentequation=\count182
\dspbrk@lvl=\count183
\tag@help=\toks17
\row@=\count184
\column@=\count185
\maxfields@=\count186
\andhelp@=\toks18
\eqnshift@=\dimen138
\alignsep@=\dimen139
\tagshift@=\dimen140
\tagwidth@=\dimen141
\totwidth@=\dimen142
\lineht@=\dimen143
\@envbody=\toks19
\multlinegap=\skip50
\multlinetaggap=\skip51
\mathdisplay@stack=\toks20
LaTeX Info: Redefining \[ on input line 2859.
LaTeX Info: Redefining \] on input line 2860.
) ("C:\Users\Isaia\AppData\Local\Programs\MiKTeX 2.9\tex/latex/float\float.sty"
Package: float 2001/11/08 v1.3d Float enhancements (AL)
\c@float@type=\count187
\float@exts=\toks21
\float@box=\box47
\@float@everytoks=\toks22
\@floatcapt=\box48
) ("C:\Users\Isaia\AppData\Local\Programs\MiKTeX 2.9\tex/latex/graphics\graphicx.sty"
Package: graphicx 2019/11/30 v1.2a Enhanced LaTeX Graphics (DPC,SPQR)
 ("C:\Users\Isaia\AppData\Local\Programs\MiKTeX 2.9\tex/latex/graphics\keyval.sty"
Package: keyval 2014/10/28 v1.15 key=value parser (DPC)
\KV@toks@=\toks23
) ("C:\Users\Isaia\AppData\Local\Programs\MiKTeX 2.9\tex/latex/graphics\graphics.sty"
Package: graphics 2019/11/30 v1.4a Standard LaTeX Graphics (DPC,SPQR)
 ("C:\Users\Isaia\AppData\Local\Programs\MiKTeX 2.9\tex/latex/graphics\trig.sty"
Package: trig 2016/01/03 v1.10 sin cos tan (DPC)
) ("C:\Users\Isaia\AppData\Local\Programs\MiKTeX 2.9\tex/latex/graphics-cfg\graphics.cfg"
File: graphics.cfg 2016/06/04 v1.11 sample graphics configuration
)
Package graphics Info: Driver file: pdftex.def on input line 105.
 ("C:\Users\Isaia\AppData\Local\Programs\MiKTeX 2.9\tex/latex/graphics-def\pdftex.def"
File: pdftex.def 2018/01/08 v1.0l Graphics/color driver for pdftex
))
\Gin@req@height=\dimen144
\Gin@req@width=\dimen145
) ("C:\Users\Isaia\AppData\Local\Programs\MiKTeX 2.9\tex/latex/geometry\geometry.sty"
Package: geometry 2020/01/02 v5.9 Page Geometry
 ("C:\Users\Isaia\AppData\Local\Programs\MiKTeX 2.9\tex/generic/iftex\ifvtex.sty"
Package: ifvtex 2019/10/25 v1.7 ifvtex legacy package. Use iftex instead.
 ("C:\Users\Isaia\AppData\Local\Programs\MiKTeX 2.9\tex/generic/iftex\iftex.sty"
Package: iftex 2019/11/07 v1.0c TeX engine tests
))
\Gm@cnth=\count188
\Gm@cntv=\count189
\c@Gm@tempcnt=\count190
\Gm@bindingoffset=\dimen146
\Gm@wd@mp=\dimen147
\Gm@odd@mp=\dimen148
\Gm@even@mp=\dimen149
\Gm@layoutwidth=\dimen150
\Gm@layoutheight=\dimen151
\Gm@layouthoffset=\dimen152
\Gm@layoutvoffset=\dimen153
\Gm@dimlist=\toks24
 ("C:\Users\Isaia\AppData\Local\Programs\MiKTeX 2.9\tex/latex/geometry\geometry.cfg")) ("C:\Users\Isaia\AppData\Local\Programs\MiKTeX 2.9\tex/latex/l3backend\l3backend-pdfmode.def"
File: l3backend-pdfmode.def 2020-02-03 L3 backend support: PDF mode
\l__kernel_color_stack_int=\count191
\l__pdf_internal_box=\box49
) (d:/Isaias\Documents\Git\Pre-Informe_DSP\build\Pre_Informe_DSP.aux

LaTeX Warning: Label `fig1' multiply defined.


LaTeX Warning: Label `WM' multiply defined.

)
\openout1 = `Pre_Informe_DSP.aux'.

LaTeX Font Info:    Checking defaults for OML/cmm/m/it on input line 13.
LaTeX Font Info:    ... okay on input line 13.
LaTeX Font Info:    Checking defaults for OMS/cmsy/m/n on input line 13.
LaTeX Font Info:    ... okay on input line 13.
LaTeX Font Info:    Checking defaults for OT1/cmr/m/n on input line 13.
LaTeX Font Info:    ... okay on input line 13.
LaTeX Font Info:    Checking defaults for T1/cmr/m/n on input line 13.
LaTeX Font Info:    ... okay on input line 13.
LaTeX Font Info:    Checking defaults for TS1/cmr/m/n on input line 13.
LaTeX Font Info:    ... okay on input line 13.
LaTeX Font Info:    Checking defaults for OMX/cmex/m/n on input line 13.
LaTeX Font Info:    ... okay on input line 13.
LaTeX Font Info:    Checking defaults for U/cmr/m/n on input line 13.
LaTeX Font Info:    ... okay on input line 13.
 ("C:\Users\Isaia\AppData\Local\Programs\MiKTeX 2.9\tex/context/base/mkii\supp-pdf.mkii"
[Loading MPS to PDF converter (version 2006.09.02).]
\scratchcounter=\count192
\scratchdimen=\dimen154
\scratchbox=\box50
\nofMPsegments=\count193
\nofMParguments=\count194
\everyMPshowfont=\toks25
\MPscratchCnt=\count195
\MPscratchDim=\dimen155
\MPnumerator=\count196
\makeMPintoPDFobject=\count197
\everyMPtoPDFconversion=\toks26
) ("C:\Users\Isaia\AppData\Local\Programs\MiKTeX 2.9\tex/latex/epstopdf-pkg\epstopdf-base.sty"
Package: epstopdf-base 2020-01-24 v2.11 Base part for package epstopdf
Package epstopdf-base Info: Redefining graphics rule for `.eps' on input line 485.
)
*geometry* driver: auto-detecting
*geometry* detected driver: pdftex
*geometry* verbose mode - [ preamble ] result:
* driver: pdftex
* paper: a4paper
* layout: <same size as paper>
* layoutoffset:(h,v)=(0.0pt,0.0pt)
* modes: 
* h-part:(L,W,R)=(56.9055pt, 483.69687pt, 56.9055pt)
* v-part:(T,H,B)=(56.9055pt, 731.23584pt, 56.9055pt)
* \paperwidth=597.50787pt
* \paperheight=845.04684pt
* \textwidth=483.69687pt
* \textheight=731.23584pt
* \oddsidemargin=-15.36449pt
* \evensidemargin=-15.36449pt
* \topmargin=-52.36449pt
* \headheight=12.0pt
* \headsep=25.0pt
* \topskip=10.0pt
* \footskip=30.0pt
* \marginparwidth=56.9055pt
* \marginparsep=11.0pt
* \columnsep=10.0pt
* \skip\footins=9.0pt plus 4.0pt minus 2.0pt
* \hoffset=0.0pt
* \voffset=0.0pt
* \mag=1000
* \@twocolumnfalse
* \@twosidefalse
* \@mparswitchfalse
* \@reversemarginfalse
* (1in=72.27pt=25.4mm, 1cm=28.453pt)

<Fig/1.png, id=1, 500.62032pt x 426.84468pt>
File: Fig/1.png Graphic file (type png)
<use Fig/1.png>
Package pdftex.def Info: Fig/1.png  used on input line 23.
(pdftex.def)             Requested size: 225.27705pt x 192.07832pt.
<Fig/2.png, id=3, 502.12593pt x 407.27156pt>
File: Fig/2.png Graphic file (type png)
<use Fig/2.png>
Package pdftex.def Info: Fig/2.png  used on input line 30.
(pdftex.def)             Requested size: 225.95457pt x 183.2705pt.
[1

{C:/Users/Isaia/AppData/Local/MiKTeX/2.9/pdftex/config/pdftex.map} <./Fig/1.png> <./Fig/2.png>]
Underfull \hbox (badness 10000) in paragraph at lines 38--45

 []

<Fig/66.png, id=15, 533.74406pt x 421.575pt>
File: Fig/66.png Graphic file (type png)
<use Fig/66.png>
Package pdftex.def Info: Fig/66.png  used on input line 55.
(pdftex.def)             Requested size: 186.81322pt x 147.55345pt.
<Fig/7.png, id=16, 486.31688pt x 497.60907pt>
File: Fig/7.png Graphic file (type png)
<use Fig/7.png>
Package pdftex.def Info: Fig/7.png  used on input line 72.
(pdftex.def)             Requested size: 243.15784pt x 248.80392pt.
[2 <./Fig/66.png>] [3 <./Fig/7.png>] (d:/Isaias\Documents\Git\Pre-Informe_DSP\build\Pre_Informe_DSP.aux)

LaTeX Warning: There were multiply-defined labels.

 ) 
Here is how much of TeX's memory you used:
 2426 strings out of 481556
 34500 string characters out of 2913869
 281176 words of memory out of 3000000
 17665 multiletter control sequences out of 15000+200000
 538094 words of font info for 44 fonts, out of 3000000 for 9000
 1141 hyphenation exceptions out of 8191
 30i,15n,25p,527b,286s stack positions out of 5000i,500n,10000p,200000b,50000s
 <C:\Users\Isaia\AppData\Local\MiKTeX\2.9\fonts/pk/ljfour/jknappen/ec/dpi600\tcrm1000.pk><C:/Users/Isaia/AppData/Local/Programs/MiKTeX 2.9/fonts/type1/public/amsfonts/cm/cmbx12.pfb><C:/Users/Isaia/AppData/Local/Programs/MiKTeX 2.9/fonts/type1/public/amsfonts/cm/cmex10.pfb><C:/Users/Isaia/AppData/Local/Programs/MiKTeX 2.9/fonts/type1/public/amsfonts/cm/cmmi10.pfb><C:/Users/Isaia/AppData/Local/Programs/MiKTeX 2.9/fonts/type1/public/amsfonts/cm/cmmi7.pfb><C:/Users/Isaia/AppData/Local/Programs/MiKTeX 2.9/fonts/type1/public/amsfonts/cm/cmr10.pfb><C:/Users/Isaia/AppData/Local/Programs/MiKTeX 2.9/fonts/type1/public/amsfonts/cm/cmr12.pfb><C:/Users/Isaia/AppData/Local/Programs/MiKTeX 2.9/fonts/type1/public/amsfonts/cm/cmr17.pfb><C:/Users/Isaia/AppData/Local/Programs/MiKTeX 2.9/fonts/type1/public/amsfonts/cm/cmr6.pfb><C:/Users/Isaia/AppData/Local/Programs/MiKTeX 2.9/fonts/type1/public/amsfonts/cm/cmr7.pfb><C:/Users/Isaia/AppData/Local/Programs/MiKTeX 2.9/fonts/type1/public/amsfonts/cm/cmr8.pfb><C:/Users/Isaia/AppData/Local/Programs/MiKTeX 2.9/fonts/type1/public/amsfonts/cm/cmsy10.pfb><C:/Users/Isaia/AppData/Local/Programs/MiKTeX 2.9/fonts/type1/public/amsfonts/cm/cmsy7.pfb><C:/Users/Isaia/AppData/Local/Programs/MiKTeX 2.9/fonts/type1/public/amsfonts/cm/cmti10.pfb>
Output written on d:/Isaias\Documents\Git\Pre-Informe_DSP\build\Pre_Informe_DSP.pdf (3 pages, 341255 bytes).
PDF statistics:
 78 PDF objects out of 1000 (max. 8388607)
 0 named destinations out of 1000 (max. 500000)
 21 words of extra memory for PDF output out of 10000 (max. 10000000)

